\BOOKMARK [0][-]{chapter.1}{Introduction}{}% 1
\BOOKMARK [1][-]{section.1.1}{Motivation}{chapter.1}% 2
\BOOKMARK [1][-]{section.1.2}{Objectives}{chapter.1}% 3
\BOOKMARK [0][-]{chapter.2}{Background and Related Work }{}% 4
\BOOKMARK [1][-]{section.2.1}{Background}{chapter.2}% 5
\BOOKMARK [1][-]{section.2.2}{Existing Systems}{chapter.2}% 6
\BOOKMARK [1][-]{section.2.3}{Related Work}{chapter.2}% 7
\BOOKMARK [1][-]{section.2.4}{Emotion Analysis}{chapter.2}% 8
\BOOKMARK [2][-]{subsection.2.4.1}{Sentiment Analysis}{section.2.4}% 9
\BOOKMARK [2][-]{subsection.2.4.2}{Emotions}{section.2.4}% 10
\BOOKMARK [1][-]{section.2.5}{Animation Software}{chapter.2}% 11
\BOOKMARK [2][-]{subsection.2.5.1}{Maya}{section.2.5}% 12
\BOOKMARK [2][-]{subsection.2.5.2}{Blender}{section.2.5}% 13
\BOOKMARK [2][-]{subsection.2.5.3}{Unreal Engine}{section.2.5}% 14
\BOOKMARK [2][-]{subsection.2.5.4}{Unity 3D}{section.2.5}% 15
\BOOKMARK [2][-]{subsection.2.5.5}{Final Choice}{section.2.5}% 16
\BOOKMARK [1][-]{section.2.6}{Motion Database}{chapter.2}% 17
\BOOKMARK [1][-]{section.2.7}{Uncanny Valley}{chapter.2}% 18
\BOOKMARK [2][-]{subsection.2.7.1}{What is the uncanny valley}{section.2.7}% 19
\BOOKMARK [2][-]{subsection.2.7.2}{Why uncanny valley matters in games and animation}{section.2.7}% 20
\BOOKMARK [0][-]{chapter.3}{Analysis }{}% 21
\BOOKMARK [1][-]{section.3.1}{Methodology}{chapter.3}% 22
\BOOKMARK [1][-]{section.3.2}{Technologies and Resources}{chapter.3}% 23
\BOOKMARK [1][-]{section.3.3}{Risk Analysis}{chapter.3}% 24
\BOOKMARK [2][-]{subsection.3.3.1}{Failure due to emotion analysis}{section.3.3}% 25
\BOOKMARK [2][-]{subsection.3.3.2}{Failure due to the motion capture data quality}{section.3.3}% 26
\BOOKMARK [2][-]{subsection.3.3.3}{Failure due to the uncanny valley principle}{section.3.3}% 27
\BOOKMARK [0][-]{chapter.4}{Requirements Specification}{}% 28
\BOOKMARK [1][-]{section.4.1}{Functional Requirements}{chapter.4}% 29
\BOOKMARK [1][-]{section.4.2}{Non-Functional Requirements}{chapter.4}% 30
\BOOKMARK [0][-]{chapter.5}{Design And Architecture}{}% 31
\BOOKMARK [1][-]{section.5.1}{System Design}{chapter.5}% 32
\BOOKMARK [1][-]{section.5.2}{Emotions}{chapter.5}% 33
\BOOKMARK [1][-]{section.5.3}{Architecture}{chapter.5}% 34
\BOOKMARK [1][-]{section.5.4}{Character Armature and Model}{chapter.5}% 35
\BOOKMARK [1][-]{section.5.5}{EMBD Importer and Showcase Generator}{chapter.5}% 36
\BOOKMARK [2][-]{subsection.5.5.1}{EMDB Importer}{section.5.5}% 37
\BOOKMARK [2][-]{subsection.5.5.2}{Showcase Generator }{section.5.5}% 38
\BOOKMARK [1][-]{section.5.6}{Input}{chapter.5}% 39
\BOOKMARK [1][-]{section.5.7}{Emotion Analysis}{chapter.5}% 40
\BOOKMARK [1][-]{section.5.8}{Database}{chapter.5}% 41
\BOOKMARK [1][-]{section.5.9}{Matcher}{chapter.5}% 42
\BOOKMARK [2][-]{subsection.5.9.1}{Score matching}{section.5.9}% 43
\BOOKMARK [2][-]{subsection.5.9.2}{Length Matching}{section.5.9}% 44
\BOOKMARK [1][-]{section.5.10}{Animation Generator \(Importer\)}{chapter.5}% 45
\BOOKMARK [1][-]{section.5.11}{User Interface}{chapter.5}% 46
\BOOKMARK [0][-]{chapter.6}{Testing and Performance }{}% 47
\BOOKMARK [1][-]{section.6.1}{Animation Generator}{chapter.6}% 48
\BOOKMARK [1][-]{section.6.2}{Performance}{chapter.6}% 49
\BOOKMARK [0][-]{chapter.7}{Evaluation }{}% 50
\BOOKMARK [1][-]{section.7.1}{Problems with evaluation}{chapter.7}% 51
\BOOKMARK [1][-]{section.7.2}{Survey}{chapter.7}% 52
\BOOKMARK [2][-]{subsection.7.2.1}{Methodology}{section.7.2}% 53
\BOOKMARK [1][-]{section.7.3}{Other findings }{chapter.7}% 54
\BOOKMARK [0][-]{chapter.8}{Results }{}% 55
\BOOKMARK [1][-]{section.8.1}{Survey}{chapter.8}% 56
\BOOKMARK [1][-]{section.8.2}{Other findings }{chapter.8}% 57
\BOOKMARK [2][-]{subsection.8.2.1}{Mismatch between animation database and the `feel` of the game}{section.8.2}% 58
\BOOKMARK [2][-]{subsection.8.2.2}{Exposition dialogue}{section.8.2}% 59
\BOOKMARK [2][-]{subsection.8.2.3}{Sarcasm and ambiguity}{section.8.2}% 60
\BOOKMARK [0][-]{appendix.A}{User Manual }{}% 61
\BOOKMARK [1][-]{section.A.1}{Requirements and installation }{appendix.A}% 62
\BOOKMARK [2][-]{subsection.A.1.1}{Software and Libraries}{section.A.1}% 63
\BOOKMARK [2][-]{subsection.A.1.2}{Install Generator as Blender Addon }{section.A.1}% 64
\BOOKMARK [1][-]{section.A.2}{Generating animations }{appendix.A}% 65
\BOOKMARK [1][-]{section.A.3}{Using Custom Animation and Models}{appendix.A}% 66
\BOOKMARK [1][-]{section.A.4}{Importing More Animations From EMBD}{appendix.A}% 67
\BOOKMARK [1][-]{section.A.5}{Generate a Showcase }{appendix.A}% 68
\BOOKMARK [0][-]{appendix.B}{Maintenance Manual }{}% 69
\BOOKMARK [1][-]{section.B.1}{Installation and requirements}{appendix.B}% 70
\BOOKMARK [1][-]{section.B.2}{Space and Memory requirements}{appendix.B}% 71
\BOOKMARK [1][-]{section.B.3}{Temporary Files}{appendix.B}% 72
\BOOKMARK [1][-]{section.B.4}{Files and Directories}{appendix.B}% 73
\BOOKMARK [1][-]{section.B.5}{Known Issues}{appendix.B}% 74
\BOOKMARK [0][-]{appendix.C}{Other }{}% 75
\BOOKMARK [1][-]{section.C.1}{The questionnaire }{appendix.C}% 76
